2016-11-20 10:21:59,259 INFO i.s.e.o.BootElastic [main] No active profile set, falling back to default profiles: default
2016-11-20 10:22:00,022 INFO o.s.b.c.e.AnnotationConfigEmbeddedWebApplicationContext [main] Refreshing org.springframework.boot.context.embedded.AnnotationConfigEmbeddedWebApplicationContext@161cd475: startup date [Sun Nov 20 10:22:00 CST 2016]; root of context hierarchy
2016-11-20 10:22:05,501 INFO o.s.b.c.e.t.TomcatEmbeddedServletContainer [main] Tomcat initialized with port(s): 8084 (http)
2016-11-20 10:22:05,532 INFO o.a.c.c.StandardService [main] Starting service Tomcat
2016-11-20 10:22:05,537 INFO o.a.c.c.StandardEngine [main] Starting Servlet Engine: Apache Tomcat/8.5.5
2016-11-20 10:22:05,796 INFO o.a.c.c.C.[.[.[/api] [localhost-startStop-1] Initializing Spring embedded WebApplicationContext
2016-11-20 10:22:05,797 INFO o.s.w.c.ContextLoader [localhost-startStop-1] Root WebApplicationContext: initialization completed in 5779 ms
2016-11-20 10:22:06,388 INFO o.s.b.w.s.ServletRegistrationBean [localhost-startStop-1] Mapping servlet: 'dispatcherServlet' to [/]
2016-11-20 10:22:06,407 INFO o.s.b.w.s.FilterRegistrationBean [localhost-startStop-1] Mapping filter: 'metricsFilter' to: [/*]
2016-11-20 10:22:06,408 INFO o.s.b.w.s.FilterRegistrationBean [localhost-startStop-1] Mapping filter: 'characterEncodingFilter' to: [/*]
2016-11-20 10:22:06,408 INFO o.s.b.w.s.FilterRegistrationBean [localhost-startStop-1] Mapping filter: 'hiddenHttpMethodFilter' to: [/*]
2016-11-20 10:22:06,408 INFO o.s.b.w.s.FilterRegistrationBean [localhost-startStop-1] Mapping filter: 'httpPutFormContentFilter' to: [/*]
2016-11-20 10:22:06,409 INFO o.s.b.w.s.FilterRegistrationBean [localhost-startStop-1] Mapping filter: 'requestContextFilter' to: [/*]
2016-11-20 10:22:06,409 INFO o.s.b.w.s.FilterRegistrationBean [localhost-startStop-1] Mapping filter: 'webRequestLoggingFilter' to: [/*]
2016-11-20 10:22:06,409 INFO o.s.b.w.s.FilterRegistrationBean [localhost-startStop-1] Mapping filter: 'simpleCORSFilter' to: [/*]
2016-11-20 10:22:06,410 INFO o.s.b.w.s.FilterRegistrationBean [localhost-startStop-1] Mapping filter: 'applicationContextIdFilter' to: [/*]
2016-11-20 10:22:10,372 INFO o.s.w.s.m.m.a.RequestMappingHandlerMapping [main] Mapped "{[/es/image/index/{name}/{item}/],methods=[POST],consumes=[multipart/form-data]}" onto public info.smartkit.eip.obtuse_octo_prune.VOs.IndexResponseVO info.smartkit.eip.obtuse_octo_prune.controllers.ImageController.index(org.springframework.web.multipart.MultipartFile,java.lang.String,java.lang.String)
2016-11-20 10:22:10,374 INFO o.s.w.s.m.m.a.RequestMappingHandlerMapping [main] Mapped "{[/es/image/search/{index}/{item}/],methods=[POST],consumes=[multipart/form-data]}" onto public info.smartkit.eip.obtuse_octo_prune.VOs.SearchResponseVO info.smartkit.eip.obtuse_octo_prune.controllers.ImageController.search(java.lang.String,java.lang.String,org.springframework.web.multipart.MultipartFile)
2016-11-20 10:22:10,375 INFO o.s.w.s.m.m.a.RequestMappingHandlerMapping [main] Mapped "{[/es/image/mapping/{index}/item/{item}],methods=[PUT],consumes=[application/json]}" onto public info.smartkit.eip.obtuse_octo_prune.VOs.HttpResponseVO info.smartkit.eip.obtuse_octo_prune.controllers.ImageController.mapping(java.lang.String,java.lang.String)
2016-11-20 10:22:10,375 INFO o.s.w.s.m.m.a.RequestMappingHandlerMapping [main] Mapped "{[/es/image/setting/{index}],methods=[PUT],consumes=[application/json]}" onto public info.smartkit.eip.obtuse_octo_prune.VOs.HttpResponseVO info.smartkit.eip.obtuse_octo_prune.controllers.ImageController.setting(java.lang.String,info.smartkit.eip.obtuse_octo_prune.VOs.SettingsVO)
2016-11-20 10:22:10,375 INFO o.s.w.s.m.m.a.RequestMappingHandlerMapping [main] Mapped "{[/es/image/searchExisted/{index}/{item}/{id}],methods=[POST],consumes=[application/json]}" onto public info.smartkit.eip.obtuse_octo_prune.VOs.SearchResponseVO info.smartkit.eip.obtuse_octo_prune.controllers.ImageController.searchExisted(java.lang.String,java.lang.String,java.lang.String)
2016-11-20 10:22:10,376 INFO o.s.w.s.m.m.a.RequestMappingHandlerMapping [main] Mapped "{[/es/image/upload/{face}],methods=[POST],consumes=[multipart/form-data]}" onto public java.lang.String info.smartkit.eip.obtuse_octo_prune.controllers.ImageController.singleImageFileUploadToBase64String(org.springframework.web.multipart.MultipartFile,java.lang.Boolean)
2016-11-20 10:22:10,378 INFO o.s.w.s.m.m.a.RequestMappingHandlerMapping [main] Mapped "{[/es/image/query/{index}/{from}/{size}/{q}],methods=[GET]}" onto public info.smartkit.eip.obtuse_octo_prune.VOs.SearchResponseVO info.smartkit.eip.obtuse_octo_prune.controllers.ImageController.queryIndex(java.lang.String,int,int,java.lang.String)
2016-11-20 10:22:10,403 INFO o.s.w.s.m.m.a.RequestMappingHandlerMapping [main] Mapped "{[/es/movie/{id}],methods=[GET]}" onto public info.smartkit.eip.obtuse_octo_prune.domains.Movie info.smartkit.eip.obtuse_octo_prune.controllers.MovieController.get(long)
2016-11-20 10:22:10,405 INFO o.s.w.s.m.m.a.RequestMappingHandlerMapping [main] Mapped "{[/es/movie/{id}],methods=[PUT]}" onto public info.smartkit.eip.obtuse_octo_prune.domains.Movie info.smartkit.eip.obtuse_octo_prune.controllers.MovieController.update(long,info.smartkit.eip.obtuse_octo_prune.domains.Movie)
2016-11-20 10:22:10,405 INFO o.s.w.s.m.m.a.RequestMappingHandlerMapping [main] Mapped "{[/es/movie/{id}],methods=[DELETE]}" onto public org.springframework.http.ResponseEntity<java.lang.Boolean> info.smartkit.eip.obtuse_octo_prune.controllers.MovieController.delete(long)
2016-11-20 10:22:10,406 INFO o.s.w.s.m.m.a.RequestMappingHandlerMapping [main] Mapped "{[/es/movie],methods=[GET]}" onto public java.lang.Iterable<info.smartkit.eip.obtuse_octo_prune.domains.Movie> info.smartkit.eip.obtuse_octo_prune.controllers.MovieController.list()
2016-11-20 10:22:10,407 INFO o.s.w.s.m.m.a.RequestMappingHandlerMapping [main] Mapped "{[/es/movie],methods=[POST],consumes=[application/json]}" onto public info.smartkit.eip.obtuse_octo_prune.domains.Movie info.smartkit.eip.obtuse_octo_prune.controllers.MovieController.create(info.smartkit.eip.obtuse_octo_prune.domains.Movie)
2016-11-20 10:22:10,414 INFO o.s.w.s.m.m.a.RequestMappingHandlerMapping [main] Mapped "{[/api-docs],methods=[GET]}" onto public org.springframework.http.ResponseEntity<com.wordnik.swagger.model.ResourceListing> com.mangofactory.swagger.controllers.DefaultSwaggerController.getResourceListing(java.lang.String)
2016-11-20 10:22:10,418 INFO o.s.w.s.m.m.a.RequestMappingHandlerMapping [main] Mapped "{[/api-docs/{swaggerGroup}/{apiDeclaration}],methods=[GET]}" onto public org.springframework.http.ResponseEntity<com.wordnik.swagger.model.ApiListing> com.mangofactory.swagger.controllers.DefaultSwaggerController.getApiListing(java.lang.String,java.lang.String)
2016-11-20 10:22:10,426 INFO o.s.w.s.m.m.a.RequestMappingHandlerMapping [main] Mapped "{[/error]}" onto public org.springframework.http.ResponseEntity<java.util.Map<java.lang.String, java.lang.Object>> org.springframework.boot.autoconfigure.web.BasicErrorController.error(javax.servlet.http.HttpServletRequest)
2016-11-20 10:22:10,428 INFO o.s.w.s.m.m.a.RequestMappingHandlerMapping [main] Mapped "{[/error],produces=[text/html]}" onto public org.springframework.web.servlet.ModelAndView org.springframework.boot.autoconfigure.web.BasicErrorController.errorHtml(javax.servlet.http.HttpServletRequest,javax.servlet.http.HttpServletResponse)
2016-11-20 10:22:10,910 INFO o.s.d.e.c.TransportClientFactoryBean [main] adding transport node : localhost:9300
2016-11-20 10:22:11,466 INFO o.s.b.a.e.m.EndpointHandlerMapping [main] Mapped "{[/health || /health.json],produces=[application/json]}" onto public java.lang.Object org.springframework.boot.actuate.endpoint.mvc.HealthMvcEndpoint.invoke(java.security.Principal)
2016-11-20 10:22:11,471 INFO o.s.b.a.e.m.EndpointHandlerMapping [main] Mapped "{[/dump || /dump.json],methods=[GET],produces=[application/json]}" onto public java.lang.Object org.springframework.boot.actuate.endpoint.mvc.EndpointMvcAdapter.invoke()
2016-11-20 10:22:11,473 INFO o.s.b.a.e.m.EndpointHandlerMapping [main] Mapped "{[/env/{name:.*}],methods=[GET],produces=[application/json]}" onto public java.lang.Object org.springframework.boot.actuate.endpoint.mvc.EnvironmentMvcEndpoint.value(java.lang.String)
2016-11-20 10:22:11,474 INFO o.s.b.a.e.m.EndpointHandlerMapping [main] Mapped "{[/env || /env.json],methods=[GET],produces=[application/json]}" onto public java.lang.Object org.springframework.boot.actuate.endpoint.mvc.EndpointMvcAdapter.invoke()
2016-11-20 10:22:11,475 INFO o.s.b.a.e.m.EndpointHandlerMapping [main] Mapped "{[/configprops || /configprops.json],methods=[GET],produces=[application/json]}" onto public java.lang.Object org.springframework.boot.actuate.endpoint.mvc.EndpointMvcAdapter.invoke()
2016-11-20 10:22:11,477 INFO o.s.b.a.e.m.EndpointHandlerMapping [main] Mapped "{[/beans || /beans.json],methods=[GET],produces=[application/json]}" onto public java.lang.Object org.springframework.boot.actuate.endpoint.mvc.EndpointMvcAdapter.invoke()
2016-11-20 10:22:11,479 INFO o.s.b.a.e.m.EndpointHandlerMapping [main] Mapped "{[/heapdump || /heapdump.json],methods=[GET],produces=[application/octet-stream]}" onto public void org.springframework.boot.actuate.endpoint.mvc.HeapdumpMvcEndpoint.invoke(boolean,javax.servlet.http.HttpServletRequest,javax.servlet.http.HttpServletResponse) throws java.io.IOException,javax.servlet.ServletException
2016-11-20 10:22:11,482 INFO o.s.b.a.e.m.EndpointHandlerMapping [main] Mapped "{[/mappings || /mappings.json],methods=[GET],produces=[application/json]}" onto public java.lang.Object org.springframework.boot.actuate.endpoint.mvc.EndpointMvcAdapter.invoke()
2016-11-20 10:22:11,483 INFO o.s.b.a.e.m.EndpointHandlerMapping [main] Mapped "{[/autoconfig || /autoconfig.json],methods=[GET],produces=[application/json]}" onto public java.lang.Object org.springframework.boot.actuate.endpoint.mvc.EndpointMvcAdapter.invoke()
2016-11-20 10:22:11,487 INFO o.s.b.a.e.m.EndpointHandlerMapping [main] Mapped "{[/metrics/{name:.*}],methods=[GET],produces=[application/json]}" onto public java.lang.Object org.springframework.boot.actuate.endpoint.mvc.MetricsMvcEndpoint.value(java.lang.String)
2016-11-20 10:22:11,488 INFO o.s.b.a.e.m.EndpointHandlerMapping [main] Mapped "{[/metrics || /metrics.json],methods=[GET],produces=[application/json]}" onto public java.lang.Object org.springframework.boot.actuate.endpoint.mvc.EndpointMvcAdapter.invoke()
2016-11-20 10:22:11,489 INFO o.s.b.a.e.m.EndpointHandlerMapping [main] Mapped "{[/info || /info.json],methods=[GET],produces=[application/json]}" onto public java.lang.Object org.springframework.boot.actuate.endpoint.mvc.EndpointMvcAdapter.invoke()
2016-11-20 10:22:11,491 INFO o.s.b.a.e.m.EndpointHandlerMapping [main] Mapped "{[/trace || /trace.json],methods=[GET],produces=[application/json]}" onto public java.lang.Object org.springframework.boot.actuate.endpoint.mvc.EndpointMvcAdapter.invoke()
2016-11-20 10:22:11,861 INFO o.s.w.s.m.m.a.RequestMappingHandlerAdapter [main] Looking for @ControllerAdvice: org.springframework.boot.context.embedded.AnnotationConfigEmbeddedWebApplicationContext@161cd475: startup date [Sun Nov 20 10:22:00 CST 2016]; root of context hierarchy
2016-11-20 10:22:12,113 INFO o.s.w.s.h.SimpleUrlHandlerMapping [main] Mapped URL path [/**] onto handler of type [class org.springframework.web.servlet.resource.ResourceHttpRequestHandler]
2016-11-20 10:22:12,114 INFO o.s.w.s.h.SimpleUrlHandlerMapping [main] Mapped URL path [/uploads/**] onto handler of type [class org.springframework.web.servlet.resource.ResourceHttpRequestHandler]
2016-11-20 10:22:12,114 INFO o.s.w.s.h.SimpleUrlHandlerMapping [main] Mapped URL path [/static/**] onto handler of type [class org.springframework.web.servlet.resource.ResourceHttpRequestHandler]
2016-11-20 10:22:12,114 INFO o.s.w.s.h.SimpleUrlHandlerMapping [main] Mapped URL path [/webjars/**] onto handler of type [class org.springframework.web.servlet.resource.ResourceHttpRequestHandler]
2016-11-20 10:22:12,221 INFO o.s.w.s.h.SimpleUrlHandlerMapping [main] Mapped URL path [/**/favicon.ico] onto handler of type [class org.springframework.web.servlet.resource.ResourceHttpRequestHandler]
2016-11-20 10:22:12,294 INFO o.s.b.a.w.WebMvcAutoConfiguration$WelcomePageHandlerMapping [main] Adding welcome page: class path resource [META-INF/resources/index.html]
2016-11-20 10:22:12,875 INFO o.s.j.e.a.AnnotationMBeanExporter [main] Registering beans for JMX exposure on startup
2016-11-20 10:22:12,935 INFO o.s.b.a.e.j.EndpointMBeanExporter [main] Registering beans for JMX exposure on startup
2016-11-20 10:22:12,953 INFO o.s.c.s.DefaultLifecycleProcessor [main] Starting beans in phase 0
2016-11-20 10:22:12,967 INFO o.s.b.a.e.j.EndpointMBeanExporter [main] Located managed bean 'requestMappingEndpoint': registering with JMX server as MBean [org.springframework.boot:type=Endpoint,name=requestMappingEndpoint]
2016-11-20 10:22:13,138 INFO o.s.b.a.e.j.EndpointMBeanExporter [main] Located managed bean 'environmentEndpoint': registering with JMX server as MBean [org.springframework.boot:type=Endpoint,name=environmentEndpoint]
2016-11-20 10:22:13,148 INFO o.s.b.a.e.j.EndpointMBeanExporter [main] Located managed bean 'healthEndpoint': registering with JMX server as MBean [org.springframework.boot:type=Endpoint,name=healthEndpoint]
2016-11-20 10:22:13,154 INFO o.s.b.a.e.j.EndpointMBeanExporter [main] Located managed bean 'beansEndpoint': registering with JMX server as MBean [org.springframework.boot:type=Endpoint,name=beansEndpoint]
2016-11-20 10:22:13,160 INFO o.s.b.a.e.j.EndpointMBeanExporter [main] Located managed bean 'infoEndpoint': registering with JMX server as MBean [org.springframework.boot:type=Endpoint,name=infoEndpoint]
2016-11-20 10:22:13,168 INFO o.s.b.a.e.j.EndpointMBeanExporter [main] Located managed bean 'metricsEndpoint': registering with JMX server as MBean [org.springframework.boot:type=Endpoint,name=metricsEndpoint]
2016-11-20 10:22:13,174 INFO o.s.b.a.e.j.EndpointMBeanExporter [main] Located managed bean 'traceEndpoint': registering with JMX server as MBean [org.springframework.boot:type=Endpoint,name=traceEndpoint]
2016-11-20 10:22:13,184 INFO o.s.b.a.e.j.EndpointMBeanExporter [main] Located managed bean 'dumpEndpoint': registering with JMX server as MBean [org.springframework.boot:type=Endpoint,name=dumpEndpoint]
2016-11-20 10:22:13,203 INFO o.s.b.a.e.j.EndpointMBeanExporter [main] Located managed bean 'autoConfigurationReportEndpoint': registering with JMX server as MBean [org.springframework.boot:type=Endpoint,name=autoConfigurationReportEndpoint]
2016-11-20 10:22:13,209 INFO o.s.b.a.e.j.EndpointMBeanExporter [main] Located managed bean 'configurationPropertiesReportEndpoint': registering with JMX server as MBean [org.springframework.boot:type=Endpoint,name=configurationPropertiesReportEndpoint]
2016-11-20 10:22:13,229 INFO c.m.s.p.SwaggerPluginAdapter [main] Context refreshed
2016-11-20 10:22:13,229 INFO c.m.s.p.SwaggerPluginAdapter [main] Found custom SwaggerSpringMvcPlugins
2016-11-20 10:22:13,249 INFO c.m.s.p.SwaggerPluginAdapter [main] initializing plugin bean customImplementation
2016-11-20 10:22:13,287 INFO c.m.s.s.ApiListingReferenceScanner [main] Scanning for api listing references
2016-11-20 10:22:13,288 INFO c.m.s.s.ApiListingReferenceScanner [main] RequestMappingInfo did not match any include patterns: | {[/health || /health.json],produces=[application/json]}
2016-11-20 10:22:13,288 INFO c.m.s.s.ApiListingReferenceScanner [main] RequestMappingInfo did not match any include patterns: | {[/dump || /dump.json],methods=[GET],produces=[application/json]}
2016-11-20 10:22:13,289 INFO c.m.s.s.ApiListingReferenceScanner [main] RequestMappingInfo did not match any include patterns: | {[/env/{name:.*}],methods=[GET],produces=[application/json]}
2016-11-20 10:22:13,289 INFO c.m.s.s.ApiListingReferenceScanner [main] RequestMappingInfo did not match any include patterns: | {[/env || /env.json],methods=[GET],produces=[application/json]}
2016-11-20 10:22:13,289 INFO c.m.s.s.ApiListingReferenceScanner [main] RequestMappingInfo did not match any include patterns: | {[/configprops || /configprops.json],methods=[GET],produces=[application/json]}
2016-11-20 10:22:13,289 INFO c.m.s.s.ApiListingReferenceScanner [main] RequestMappingInfo did not match any include patterns: | {[/beans || /beans.json],methods=[GET],produces=[application/json]}
2016-11-20 10:22:13,289 INFO c.m.s.s.ApiListingReferenceScanner [main] RequestMappingInfo did not match any include patterns: | {[/heapdump || /heapdump.json],methods=[GET],produces=[application/octet-stream]}
2016-11-20 10:22:13,290 INFO c.m.s.s.ApiListingReferenceScanner [main] RequestMappingInfo did not match any include patterns: | {[/mappings || /mappings.json],methods=[GET],produces=[application/json]}
2016-11-20 10:22:13,290 INFO c.m.s.s.ApiListingReferenceScanner [main] RequestMappingInfo did not match any include patterns: | {[/autoconfig || /autoconfig.json],methods=[GET],produces=[application/json]}
2016-11-20 10:22:13,290 INFO c.m.s.s.ApiListingReferenceScanner [main] RequestMappingInfo did not match any include patterns: | {[/metrics/{name:.*}],methods=[GET],produces=[application/json]}
2016-11-20 10:22:13,291 INFO c.m.s.s.ApiListingReferenceScanner [main] RequestMappingInfo did not match any include patterns: | {[/metrics || /metrics.json],methods=[GET],produces=[application/json]}
2016-11-20 10:22:13,291 INFO c.m.s.s.ApiListingReferenceScanner [main] RequestMappingInfo did not match any include patterns: | {[/info || /info.json],methods=[GET],produces=[application/json]}
2016-11-20 10:22:13,291 INFO c.m.s.s.ApiListingReferenceScanner [main] RequestMappingInfo did not match any include patterns: | {[/trace || /trace.json],methods=[GET],produces=[application/json]}
2016-11-20 10:22:13,299 INFO c.m.s.s.ApiListingReferenceScanner [main] Request mapping: index belongs to groups: [[ResourceGroup{groupName='image-controller'}]] 
2016-11-20 10:22:13,300 INFO c.m.s.s.ApiListingReferenceScanner [main] Adding resource to group:ResourceGroup{groupName='image-controller'} with description:Image Controller for handler method:index
2016-11-20 10:22:13,301 INFO c.m.s.s.ApiListingReferenceScanner [main] Request mapping: search belongs to groups: [[ResourceGroup{groupName='image-controller'}]] 
2016-11-20 10:22:13,311 INFO c.m.s.s.ApiListingReferenceScanner [main] Adding resource to group:ResourceGroup{groupName='image-controller'} with description:Image Controller for handler method:search
2016-11-20 10:22:13,312 INFO c.m.s.s.ApiListingReferenceScanner [main] Request mapping: mapping belongs to groups: [[ResourceGroup{groupName='image-controller'}]] 
2016-11-20 10:22:13,312 INFO c.m.s.s.ApiListingReferenceScanner [main] Adding resource to group:ResourceGroup{groupName='image-controller'} with description:Image Controller for handler method:mapping
2016-11-20 10:22:13,315 INFO c.m.s.s.ApiListingReferenceScanner [main] Request mapping: setting belongs to groups: [[ResourceGroup{groupName='image-controller'}]] 
2016-11-20 10:22:13,316 INFO c.m.s.s.ApiListingReferenceScanner [main] Adding resource to group:ResourceGroup{groupName='image-controller'} with description:Image Controller for handler method:setting
2016-11-20 10:22:13,317 INFO c.m.s.s.ApiListingReferenceScanner [main] Request mapping: searchExisted belongs to groups: [[ResourceGroup{groupName='image-controller'}]] 
2016-11-20 10:22:13,317 INFO c.m.s.s.ApiListingReferenceScanner [main] Adding resource to group:ResourceGroup{groupName='image-controller'} with description:Image Controller for handler method:searchExisted
2016-11-20 10:22:13,317 INFO c.m.s.s.ApiListingReferenceScanner [main] Request mapping: singleImageFileUploadToBase64String belongs to groups: [[ResourceGroup{groupName='image-controller'}]] 
2016-11-20 10:22:13,317 INFO c.m.s.s.ApiListingReferenceScanner [main] Adding resource to group:ResourceGroup{groupName='image-controller'} with description:Image Controller for handler method:singleImageFileUploadToBase64String
2016-11-20 10:22:13,318 INFO c.m.s.s.ApiListingReferenceScanner [main] Request mapping: queryIndex belongs to groups: [[ResourceGroup{groupName='image-controller'}]] 
2016-11-20 10:22:13,318 INFO c.m.s.s.ApiListingReferenceScanner [main] Adding resource to group:ResourceGroup{groupName='image-controller'} with description:Image Controller for handler method:queryIndex
2016-11-20 10:22:13,319 INFO c.m.s.s.ApiListingReferenceScanner [main] Request mapping: get belongs to groups: [[ResourceGroup{groupName='movie-controller'}]] 
2016-11-20 10:22:13,319 INFO c.m.s.s.ApiListingReferenceScanner [main] Adding resource to group:ResourceGroup{groupName='movie-controller'} with description:Movie Controller for handler method:get
2016-11-20 10:22:13,319 INFO c.m.s.s.ApiListingReferenceScanner [main] Request mapping: update belongs to groups: [[ResourceGroup{groupName='movie-controller'}]] 
2016-11-20 10:22:13,320 INFO c.m.s.s.ApiListingReferenceScanner [main] Adding resource to group:ResourceGroup{groupName='movie-controller'} with description:Movie Controller for handler method:update
2016-11-20 10:22:13,320 INFO c.m.s.s.ApiListingReferenceScanner [main] Request mapping: delete belongs to groups: [[ResourceGroup{groupName='movie-controller'}]] 
2016-11-20 10:22:13,321 INFO c.m.s.s.ApiListingReferenceScanner [main] Adding resource to group:ResourceGroup{groupName='movie-controller'} with description:Movie Controller for handler method:delete
2016-11-20 10:22:13,321 INFO c.m.s.s.ApiListingReferenceScanner [main] Request mapping: list belongs to groups: [[ResourceGroup{groupName='movie-controller'}]] 
2016-11-20 10:22:13,321 INFO c.m.s.s.ApiListingReferenceScanner [main] Adding resource to group:ResourceGroup{groupName='movie-controller'} with description:Movie Controller for handler method:list
2016-11-20 10:22:13,322 INFO c.m.s.s.ApiListingReferenceScanner [main] Request mapping: create belongs to groups: [[ResourceGroup{groupName='movie-controller'}]] 
2016-11-20 10:22:13,322 INFO c.m.s.s.ApiListingReferenceScanner [main] Adding resource to group:ResourceGroup{groupName='movie-controller'} with description:Movie Controller for handler method:create
2016-11-20 10:22:13,322 INFO c.m.s.s.ApiListingReferenceScanner [main] RequestMappingInfo did not match any include patterns: | {[/api-docs],methods=[GET]}
2016-11-20 10:22:13,323 INFO c.m.s.s.ApiListingReferenceScanner [main] RequestMappingInfo did not match any include patterns: | {[/api-docs/{swaggerGroup}/{apiDeclaration}],methods=[GET]}
2016-11-20 10:22:13,323 INFO c.m.s.s.ApiListingReferenceScanner [main] RequestMappingInfo did not match any include patterns: | {[/error]}
2016-11-20 10:22:13,323 INFO c.m.s.s.ApiListingReferenceScanner [main] RequestMappingInfo did not match any include patterns: | {[/error],produces=[text/html]}
2016-11-20 10:22:13,343 INFO c.m.s.s.ApiListingReferenceScanner [main] Created resource listing Path: /default/image-controller Description: image-controller Position: 0
2016-11-20 10:22:13,343 INFO c.m.s.s.ApiListingReferenceScanner [main] Created resource listing Path: /default/movie-controller Description: movie-controller Position: 0
2016-11-20 10:22:14,473 INFO c.m.s.c.SwaggerApiResourceListing [main] Added a resource listing with (2) api resources: 
2016-11-20 10:22:14,475 INFO c.m.s.c.SwaggerApiResourceListing [main]   Image Controller at location: /api-docs/default/image-controller
2016-11-20 10:22:14,475 INFO c.m.s.c.SwaggerApiResourceListing [main]   Movie Controller at location: /api-docs/default/movie-controller
2016-11-20 10:22:14,650 INFO o.s.b.c.e.t.TomcatEmbeddedServletContainer [main] Tomcat started on port(s): 8084 (http)
2016-11-20 10:22:15,312 INFO i.s.e.o.BootElastic [main] Started BootElastic in 17.323 seconds (JVM running for 20.074)
2016-11-20 10:22:23,149 INFO o.a.c.c.C.[.[.[/api] [http-nio-8084-exec-1] Initializing Spring FrameworkServlet 'dispatcherServlet'
2016-11-20 10:22:23,150 INFO o.s.w.s.DispatcherServlet [http-nio-8084-exec-1] FrameworkServlet 'dispatcherServlet': initialization started
2016-11-20 10:22:23,200 INFO o.s.w.s.DispatcherServlet [http-nio-8084-exec-1] FrameworkServlet 'dispatcherServlet': initialization completed in 50 ms
2016-11-20 10:22:35,287 INFO o.s.b.c.e.AnnotationConfigEmbeddedWebApplicationContext [Thread-2] Closing org.springframework.boot.context.embedded.AnnotationConfigEmbeddedWebApplicationContext@161cd475: startup date [Sun Nov 20 10:22:00 CST 2016]; root of context hierarchy
